============================= test session starts ==============================
platform linux -- Python 3.13.5, pytest-9.0.2, pluggy-1.6.0
rootdir: /home/daretechie/DevProject/GitHub/CloudSentinel-AI
configfile: pyproject.toml
plugins: anyio-4.12.1, mock-3.15.1, langsmith-0.6.2, respx-0.22.0, cov-7.0.0, asyncio-1.3.0
asyncio: mode=Mode.AUTO, debug=False, asyncio_default_fixture_loop_scope=None, asyncio_default_test_loop_scope=function
collected 1565 items

tests/adapters/test_aws_adapter.py ..                                    [  0%]
tests/adapters/test_aws_cur.py .                                         [  0%]
tests/adapters/test_aws_cur_streaming.py .                               [  0%]
tests/adapters/test_aws_multitenant.py ......                            [  0%]
tests/adapters/test_azure_backend.py ..                                  [  0%]
tests/adapters/test_azure_unit.py ...                                    [  0%]
tests/adapters/test_connections_unit.py ..                               [  1%]
tests/adapters/test_cur_adapter_root.py .............                    [  1%]
tests/adapters/test_cur_automation.py ..                                 [  2%]
tests/adapters/test_gcp_backend.py ..                                    [  2%]
tests/adapters/test_multi_cloud_parity.py ..                             [  2%]
tests/analysis/test_azure_usage_analyzer.py ......                       [  2%]
tests/analysis/test_carbon_calc.py .........                             [  3%]
tests/analysis/test_carbon_calculator.py ..........                      [  3%]
tests/analysis/test_finops_analyzer.py ......                            [  4%]
tests/analysis/test_forecaster_markers.py ..                             [  4%]
tests/analysis/test_forecasting_realism.py ......                        [  4%]
tests/analysis/test_gcp_usage_analyzer.py .........                      [  5%]
tests/analysis/test_graviton_analyzer.py .                               [  5%]
tests/analysis/test_greenops_2.py ...                                    [  5%]
tests/analysis/test_prophet_forecaster.py ...                            [  5%]
tests/analysis/test_scope3_accuracy.py ..                                [  5%]
tests/analysis/test_zombie_analyzer.py ............                      [  6%]
tests/analysis/test_zombie_coverage.py .....                             [  7%]
tests/analysis/test_zombie_detector.py ...................               [  8%]
tests/analysis/test_zombie_multi_cloud_plugins.py .....                  [  8%]
tests/analysis/test_zombie_orchestration.py ......                       [  8%]
tests/analysis/test_zombie_plugins.py .......                            [  9%]
tests/api/test_api_endpoints.py .............                            [ 10%]
tests/api/test_health.py ...                                             [ 10%]
tests/api/test_pagination.py .                                           [ 10%]
tests/api/test_settings_api.py .........                                 [ 11%]
tests/billing/test_billing.py ............                               [ 11%]
tests/billing/test_financial_precision.py ..                             [ 11%]
tests/billing/test_tier_guard.py ....................                    [ 13%]
tests/core/test_cache_service.py .......                                 [ 13%]
tests/core/test_circuit_breaker.py .............                         [ 14%]
tests/core/test_config_validation.py ..                                  [ 14%]
tests/core/test_delta_analysis.py ..............                         [ 15%]
tests/core/test_graceful_degradation.py ..                               [ 15%]
tests/core/test_llm_circuit_breaker.py ...........                       [ 16%]
tests/core/test_llm_guardrails_stress.py ....                            [ 16%]
tests/core/test_llm_security.py ...                                      [ 16%]
tests/core/test_middleware.py .......                                    [ 17%]
tests/core/test_public_assessment.py ..                                  [ 17%]
tests/core/test_rate_limit_stress.py ..                                  [ 17%]
tests/core/test_slack_service.py .......                                 [ 17%]
tests/core/test_usage_tracker.py ...........                             [ 18%]
tests/fixes/test_all_fixes.py .....................                      [ 20%]
tests/governance/test_audit_log.py ..................                    [ 21%]
tests/governance/test_audit_phase_1.py ...                               [ 21%]
tests/governance/test_audit_phase_2.py ....                              [ 21%]
tests/governance/test_audit_remediation_lifecycle.py ..                  [ 21%]
tests/governance/test_audit_verification.py ....                         [ 21%]
tests/governance/test_autonomous_logic.py ...                            [ 22%]
tests/governance/test_cleanup_logic.py .                                 [ 22%]
tests/governance/test_cost_aggregator.py ..                              [ 22%]
tests/governance/test_cost_cache_root.py ..............                  [ 23%]
tests/governance/test_cost_governance.py ..                              [ 23%]
tests/governance/test_cost_persistence.py x                              [ 23%]
tests/governance/test_detector.py .....                                  [ 23%]
tests/governance/test_detector_core.py ............                      [ 24%]
tests/governance/test_fail_closed_budget.py ..                           [ 24%]
tests/governance/test_hard_limit_enforcement.py ..                       [ 24%]
tests/governance/test_iam_auditor.py ..                                  [ 24%]
tests/governance/test_ingestion_pipeline.py x                            [ 24%]
tests/governance/test_job_processor.py ..........                        [ 25%]
tests/governance/test_remediation_atomicity.py ..                        [ 25%]
tests/governance/test_remediation_coverage.py ........                   [ 26%]
tests/governance/test_savings_autopilot.py ..                            [ 26%]
tests/governance/test_scheduler.py ...............                       [ 27%]
tests/governance/test_scheduler_concurrency.py .                         [ 27%]
tests/governance/test_verification.py ..                                 [ 27%]
tests/governance/test_webhook_retry.py .......                           [ 27%]
tests/integration/auth/test_auth_integration.py ..                       [ 28%]
tests/integration/billing/test_paystack_flows.py ...                     [ 28%]
tests/integration/optimization/test_remediation_lifecycle.py .